<?xml version="1.0" encoding="UTF-8"?>
<testsuite xmlns:xsi="http://www.w3.org/2001/XMLSchema-instance" xsi:noNamespaceSchemaLocation="https://maven.apache.org/surefire/maven-surefire-plugin/xsd/surefire-test-report.xsd" version="3.0.2" name="com.deepseek.DeepSeekClientTest" time="2.333" tests="3" errors="0" skipped="0" failures="0">
  <properties>
[...]
</properties>
  <testcase name="testMessageCreation" classname="com.deepseek.DeepSeekClientTest" time="0.522">
    <system-out><![CDATA[15:52:31.240 [main] INFO org.springframework.test.context.support.AnnotationConfigContextLoaderUtils -- Could not detect default configuration classes for test class [com.deepseek.DeepSeekClientTest]: DeepSeekClientTest does not declare any static, non-private, non-final, nested classes annotated with @Configuration.
15:52:31.341 [main] INFO org.springframework.boot.test.context.SpringBootTestContextBootstrapper -- Found @SpringBootConfiguration com.deepseek.DeepSeekUtilApplication for test class com.deepseek.DeepSeekClientTest

  .   ____          _            __ _ _
 /\\ / ___'_ __ _ _(_)_ __  __ _ \ \ \ \
( ( )\___ | '_ | '_| | '_ \/ _` | \ \ \ \
 \\/  ___)| |_)| | | | | || (_| |  ) ) ) )
  '  |____| .__|_| |_|_| |_\__, | / / / /
 =========|_|==============|___/=/_/_/_/

 :: Spring Boot ::                (v3.5.6)

2026-01-26T15:52:31.721+08:00  INFO 19676 --- [deepseek-util] [           main] com.deepseek.DeepSeekClientTest          : Starting DeepSeekClientTest using Java 17.0.14 with PID 19676 (started by Sakura in E:\AI\Study\java-ai\deepseek-util)
2026-01-26T15:52:31.721+08:00  INFO 19676 --- [deepseek-util] [           main] com.deepseek.DeepSeekClientTest          : No active profile set, falling back to 1 default profile: "default"
2026-01-26T15:52:32.697+08:00  INFO 19676 --- [deepseek-util] [           main] o.s.v.b.OptionalValidatorFactoryBean     : Failed to set up a Bean Validation provider: jakarta.validation.NoProviderFoundException: Unable to create a Configuration, because no Jakarta Bean Validation provider could be found. Add a provider like Hibernate Validator (RI) to your classpath.
2026-01-26T15:52:32.926+08:00  INFO 19676 --- [deepseek-util] [           main] com.deepseek.DeepSeekClientTest          : Started DeepSeekClientTest in 1.436 seconds (process running for 2.155)
]]></system-out>
  </testcase>
  <testcase name="testDeepSeekClientBean" classname="com.deepseek.DeepSeekClientTest" time="0.002"/>
  <testcase name="testRequestBuilder" classname="com.deepseek.DeepSeekClientTest" time="0.001"/>
</testsuite>